(0.000) SET SQL_AUTO_IS_NULL = 0; args=None
(0.000) SET SQL_AUTO_IS_NULL = 0; args=None
(0.001) SHOW FULL TABLES; args=None
(0.000) SELECT `django_migrations`.`app`, `django_migrations`.`name` FROM `django_migrations`; args=()
Not Found: /favicon.ico
(0.000) SET SQL_AUTO_IS_NULL = 0; args=None
(0.000) SET SQL_AUTO_IS_NULL = 0; args=None
(0.001) SELECT `crawl_city`.`id`, `crawl_city`.`city`, `crawl_city`.`state`, `crawl_city`.`country`, `crawl_city`.`date` FROM `crawl_city` WHERE `crawl_city`.`city` = 'boston'; args=(u'boston',)
(0.000) SELECT COUNT(*) AS `__count` FROM `crawl_bar` WHERE `crawl_bar`.`city_id` = 19; args=(19,)
(0.000) SELECT `crawl_bar`.`id`, `crawl_bar`.`city_id`, `crawl_bar`.`name`, `crawl_bar`.`address`, `crawl_bar`.`lat`, `crawl_bar`.`lng`, `crawl_bar`.`priority` FROM `crawl_bar` WHERE `crawl_bar`.`city_id` = 19 ORDER BY `crawl_bar`.`priority` ASC LIMIT 5; args=(19,)
(0.000) SELECT `crawl_bar`.`id`, `crawl_bar`.`city_id`, `crawl_bar`.`name`, `crawl_bar`.`address`, `crawl_bar`.`lat`, `crawl_bar`.`lng`, `crawl_bar`.`priority` FROM `crawl_bar` WHERE `crawl_bar`.`priority` = 0; args=(0,)
(0.000) SELECT `crawl_bar`.`id`, `crawl_bar`.`city_id`, `crawl_bar`.`name`, `crawl_bar`.`address`, `crawl_bar`.`lat`, `crawl_bar`.`lng`, `crawl_bar`.`priority` FROM `crawl_bar` WHERE `crawl_bar`.`priority` = 0; args=(0,)
(0.000) SELECT `crawl_distance`.`id`, `crawl_distance`.`start_id`, `crawl_distance`.`end_id`, `crawl_distance`.`distance` FROM `crawl_distance` WHERE (`crawl_distance`.`start_id` = 23 AND `crawl_distance`.`end_id` = 26); args=(23, 26)
(0.001) SELECT `crawl_distance`.`id`, `crawl_distance`.`start_id`, `crawl_distance`.`end_id`, `crawl_distance`.`distance` FROM `crawl_distance` WHERE (`crawl_distance`.`start_id` = 23 AND `crawl_distance`.`end_id` = 27); args=(23, 27)
(0.000) SELECT `crawl_distance`.`id`, `crawl_distance`.`start_id`, `crawl_distance`.`end_id`, `crawl_distance`.`distance` FROM `crawl_distance` WHERE (`crawl_distance`.`start_id` = 23 AND `crawl_distance`.`end_id` = 28); args=(23, 28)
(0.000) SELECT `crawl_distance`.`id`, `crawl_distance`.`start_id`, `crawl_distance`.`end_id`, `crawl_distance`.`distance` FROM `crawl_distance` WHERE (`crawl_distance`.`start_id` = 23 AND `crawl_distance`.`end_id` = 29); args=(23, 29)
(0.000) SELECT `crawl_distance`.`id`, `crawl_distance`.`start_id`, `crawl_distance`.`end_id`, `crawl_distance`.`distance` FROM `crawl_distance` WHERE (`crawl_distance`.`start_id` = 26 AND `crawl_distance`.`end_id` = 27); args=(26, 27)
(0.000) SELECT `crawl_distance`.`id`, `crawl_distance`.`start_id`, `crawl_distance`.`end_id`, `crawl_distance`.`distance` FROM `crawl_distance` WHERE (`crawl_distance`.`start_id` = 26 AND `crawl_distance`.`end_id` = 28); args=(26, 28)
(0.000) SELECT `crawl_distance`.`id`, `crawl_distance`.`start_id`, `crawl_distance`.`end_id`, `crawl_distance`.`distance` FROM `crawl_distance` WHERE (`crawl_distance`.`start_id` = 26 AND `crawl_distance`.`end_id` = 29); args=(26, 29)
(0.000) SELECT `crawl_distance`.`id`, `crawl_distance`.`start_id`, `crawl_distance`.`end_id`, `crawl_distance`.`distance` FROM `crawl_distance` WHERE (`crawl_distance`.`start_id` = 27 AND `crawl_distance`.`end_id` = 28); args=(27, 28)
(0.000) SELECT `crawl_distance`.`id`, `crawl_distance`.`start_id`, `crawl_distance`.`end_id`, `crawl_distance`.`distance` FROM `crawl_distance` WHERE (`crawl_distance`.`start_id` = 27 AND `crawl_distance`.`end_id` = 29); args=(27, 29)
(0.000) SELECT `crawl_distance`.`id`, `crawl_distance`.`start_id`, `crawl_distance`.`end_id`, `crawl_distance`.`distance` FROM `crawl_distance` WHERE (`crawl_distance`.`start_id` = 28 AND `crawl_distance`.`end_id` = 29); args=(28, 29)
